<?xml version="1.0" encoding="UTF-8"?>
<!-- Generated by org.testng.reporters.JUnitReportReporter -->
<testsuite skipped="0" hostname="DESKTOP-LR24OJS" name="testRunner.Runner" tests="1" failures="0" timestamp="10 Jul 2020 23:10:37 GMT" time="26.641" errors="0">
  <testcase name="runScenario" time="26.641" classname="testRunner.Runner"/>
</testsuite> <!-- testRunner.Runner -->
